Executing: MiniAVC - 1.0.3.2
Assembly: C:\Games\Kerbal Space Program\GameData\000_USITools\MiniAVC.dll

[Log 12:25:08.1824973]: Starter was created.
Executing: MiniAVC - 1.0.3.1
Assembly: C:\Games\Kerbal Space Program\GameData\KAS\Plugins\MiniAVC.dll

[Log 12:25:08.2244987]: Starter was created.
[Exception 12:25:19.6281217]: System.IO.IOException: Sharing violation on path C:\Games\Kerbal Space Program\GameData\000_USITools\MiniAVC.xml
  at System.IO.FileStream..ctor (System.String path, FileMode mode, FileAccess access, FileShare share, Int32 bufferSize, Boolean anonymous, FileOptions options) [0x00000] in <filename unknown>:0 
  at System.IO.FileStream..ctor (System.String path, FileMode mode) [0x00000] in <filename unknown>:0 
  at MiniAVC.AddonSettings.Load (System.String rootPath) [0x00000] in <filename unknown>:0 
  at MiniAVC.AddonLibrary.ProcessAddonPopulation (System.Object state) [0x00000] in <filename unknown>:0 

Executing: MiniAVC - 1.0.3.0
Assembly: C:\Games\Kerbal Space Program\GameData\KIS\Plugins\MiniAVC.dll

[Log 12:25:08.2874976]: Starter was created.
[Exception 12:25:19.6281217]: System.IO.IOException: Sharing violation on path C:\Games\Kerbal Space Program\GameData\000_USITools\MiniAVC.xml
  at System.IO.FileStream..ctor (System.String path, FileMode mode, FileAccess access, FileShare share, Int32 bufferSize, Boolean anonymous, FileOptions options) [0x00000] in <filename unknown>:0 
  at System.IO.FileStream..ctor (System.String path, FileMode mode) [0x00000] in <filename unknown>:0 
  at MiniAVC.AddonSettings.Load (System.String rootPath) [0x00000] in <filename unknown>:0 
  at MiniAVC.AddonLibrary.ProcessAddonPopulation (System.Object state) [0x00000] in <filename unknown>:0 

[Log 12:25:19.9481235]: C:\Games\Kerbal Space Program\GameData\000_USITools\USITools.version
	NAME: USI Tools
	URL: https://raw.githubusercontent.com/BobPalmer/UmbraSpaceIndustries/master/FOR_RELEASE/GameData/000_USITools/USITools.version
	DOWNLOAD: https://github.com/BobPalmer/UmbraSpaceIndustries/releases
	GITHUB: BobPalmer/UmbraSpaceIndustries
		LatestRelease: NULL
		AllowPreRelease: False
	VERSION: 0.9.1
	KSP_VERSION: 1.3
	KSP_VERSION_MIN: 1.2.9
	KSP_VERSION_MAX: 1.3.9
	CompatibleKspVersion: True
	CompatibleKspVersionMin: True
	CompatibleKspVersionMax: True
	CompatibleGitHubVersion: True

[Log 12:25:19.9511233]: C:\Games\Kerbal Space Program\GameData\KAS\Plugins\KAS.version
	NAME: Kerbal Attachment System
	URL: https://raw.githubusercontent.com/ihsoft/KAS/master/kas.version
	DOWNLOAD: http://forum.kerbalspaceprogram.com/threads/92514
	GITHUB: ihsoft/KAS
		LatestRelease: NULL
		AllowPreRelease: False
	VERSION: 0.6.3
	KSP_VERSION: 1.3
	KSP_VERSION_MIN: 1.3
	KSP_VERSION_MAX: 1.3.99
	CompatibleKspVersion: True
	CompatibleKspVersionMin: True
	CompatibleKspVersionMax: True
	CompatibleGitHubVersion: True

[Log 12:25:19.9601235]: C:\Games\Kerbal Space Program\GameData\KIS\Plugins\KIS.version
	NAME: Kerbal Inventory System
	URL: https://raw.githubusercontent.com/ihsoft/KIS/master/KIS.version
	DOWNLOAD: http://forum.kerbalspaceprogram.com/index.php?/topic/149848-12-kerbal-inventory-system-kis-v131/
	GITHUB: ihsoft/KIS
		LatestRelease: NULL
		AllowPreRelease: False
	VERSION: 1.5
	KSP_VERSION: 1.3
	KSP_VERSION_MIN: 1.3
	KSP_VERSION_MAX: 1.3.99
	CompatibleKspVersion: True
	CompatibleKspVersionMin: True
	CompatibleKspVersionMax: True
	CompatibleGitHubVersion: True

[Log 12:25:20.1521226]: Starter was destroyed.
[Log 12:27:42.1532828]: Starter was destroyed.
[Log 12:27:42.1532828]: Starter was destroyed.
